[debug] [2019-11-04T13:16:20.182Z] ----------------------------------------------------------------------
[debug] [2019-11-04T13:16:20.183Z] Command:       C:\Program Files\nodejs\node.exe C:\Users\Hugo Barboza\AppData\Roaming\npm\node_modules\firebase-tools\lib\bin\firebase.js serve --only functions,hosting
[debug] [2019-11-04T13:16:20.184Z] CLI Version:   7.6.2
[debug] [2019-11-04T13:16:20.184Z] Platform:      win32
[debug] [2019-11-04T13:16:20.184Z] Node Version:  v10.13.0
[debug] [2019-11-04T13:16:20.185Z] Time:          Mon Nov 04 2019 10:16:20 GMT-0300 (GMT-03:00)
[debug] [2019-11-04T13:16:20.185Z] ----------------------------------------------------------------------
[debug] [2019-11-04T13:16:20.185Z] 
[debug] [2019-11-04T13:16:20.208Z] > command requires scopes: ["email","openid","https://www.googleapis.com/auth/cloudplatformprojects.readonly","https://www.googleapis.com/auth/firebase","https://www.googleapis.com/auth/cloud-platform"]
[debug] [2019-11-04T13:16:20.209Z] > authorizing via signed-in user
[debug] [2019-11-04T13:16:20.209Z] [iam] checking project odisdkp for permissions ["firebase.projects.get"]
[debug] [2019-11-04T13:16:20.210Z] >>> HTTP REQUEST POST https://cloudresourcemanager.googleapis.com/v1/projects/odisdkp:testIamPermissions  

[debug] [2019-11-04T13:16:21.227Z] <<< HTTP RESPONSE 200
[debug] [2019-11-04T13:16:21.230Z] >>> HTTP REQUEST GET https://firebase.googleapis.com/v1beta1/projects/odisdkp  
 
[debug] [2019-11-04T13:16:22.304Z] <<< HTTP RESPONSE 200
[debug] [2019-11-04T13:16:22.307Z] >>> HTTP REQUEST GET https://firebase.googleapis.com/v1beta1/projects/odisdkp/webApps/-/config  
 
[warn] !  Your requested "node" version "8" doesn't match your global version "10"
[debug] [2019-11-04T13:16:23.544Z] <<< HTTP RESPONSE 200
[info] i  hosting: Serving hosting files from: dist/odisdkp
[info] +  hosting: Local server: http://localhost:5000
[info] +  functions: Emulator started at http://localhost:5001
[info] i  functions: Watching "C:\xampp\htdocs\odisdkp\functions" for Cloud Functions...
[debug] [2019-11-04T13:16:23.868Z] [worker-~diagnostic~-d94fbf46-075f-4b52-b0ad-f8f644e87e3f]: BUSY
[debug] [2019-11-04T13:16:24.362Z] [runtime-status] Functions runtime initialized. {"cwd":"C:\\xampp\\htdocs\\odisdkp\\functions","node_version":"10.13.0"}
[debug] [2019-11-04T13:16:24.364Z] [runtime-status] Disabled runtime features: {"functions_config_helper":true,"network_filtering":true,"timeout":true,"memory_limiting":true,"admin_stubs":true} {}
[debug] [2019-11-04T13:16:24.367Z] [runtime-status] Resolved module firebase-admin {"declared":true,"installed":true,"version":"8.7.0","resolution":"C:\\xampp\\htdocs\\odisdkp\\functions\\node_modules\\firebase-admin\\lib\\index.js"}
[debug] [2019-11-04T13:16:24.368Z] [runtime-status] Resolved module firebase-functions {"declared":true,"installed":true,"version":"3.3.0","resolution":"C:\\xampp\\htdocs\\odisdkp\\functions\\node_modules\\firebase-functions\\lib\\index.js"}
[debug] [2019-11-04T13:16:24.369Z] [runtime-status] Resolved module firebase-functions {"declared":true,"installed":true,"version":"3.3.0","resolution":"C:\\xampp\\htdocs\\odisdkp\\functions\\node_modules\\firebase-functions\\lib\\index.js"}
[warn] !  TypeError: Cannot read property 'key' of undefined
    at Object.<anonymous> (C:\xampp\htdocs\odisdkp\functions\lib\index.js:8:53)
    at Module._compile (internal/modules/cjs/loader.js:688:30)
    at Object.Module._extensions..js (internal/modules/cjs/loader.js:699:10)
    at Module.load (internal/modules/cjs/loader.js:598:32)
    at tryModuleLoad (internal/modules/cjs/loader.js:537:12)
    at Function.Module._load (internal/modules/cjs/loader.js:529:3)
    at Module.require (internal/modules/cjs/loader.js:636:17)
    at require (internal/modules/cjs/helpers.js:20:18)
    at C:\Users\Hugo Barboza\AppData\Roaming\npm\node_modules\firebase-tools\lib\emulator\functionsEmulatorRuntime.js:709:33
    at Generator.next (<anonymous>)
[warn] !  We were unable to load your functions code. (see above)
   - It appears your code is written in Typescript, which must be compiled before emulation.
   - You may be able to run "npm run build" in your functions directory to resolve this.
[debug] [2019-11-04T13:16:24.464Z] [worker-~diagnostic~-d94fbf46-075f-4b52-b0ad-f8f644e87e3f]: exited
[debug] [2019-11-04T13:16:24.465Z] [worker-~diagnostic~-d94fbf46-075f-4b52-b0ad-f8f644e87e3f]: FINISHED
[debug] [2019-11-04T13:18:06.407Z] ----------------------------------------------------------------------
[debug] [2019-11-04T13:18:06.408Z] Command:       C:\Program Files\nodejs\node.exe C:\Users\Hugo Barboza\AppData\Roaming\npm\node_modules\firebase-tools\lib\bin\firebase.js serve --only functions,hosting
[debug] [2019-11-04T13:18:06.409Z] CLI Version:   7.6.2
[debug] [2019-11-04T13:18:06.409Z] Platform:      win32
[debug] [2019-11-04T13:18:06.409Z] Node Version:  v10.13.0
[debug] [2019-11-04T13:18:06.410Z] Time:          Mon Nov 04 2019 10:18:06 GMT-0300 (GMT-03:00)
[debug] [2019-11-04T13:18:06.410Z] ----------------------------------------------------------------------
[debug] [2019-11-04T13:18:06.410Z] 
[debug] [2019-11-04T13:18:06.423Z] > command requires scopes: ["email","openid","https://www.googleapis.com/auth/cloudplatformprojects.readonly","https://www.googleapis.com/auth/firebase","https://www.googleapis.com/auth/cloud-platform"]
[debug] [2019-11-04T13:18:06.424Z] > authorizing via signed-in user
[debug] [2019-11-04T13:18:06.424Z] [iam] checking project odisdkp for permissions ["firebase.projects.get"]
[debug] [2019-11-04T13:18:06.426Z] >>> HTTP REQUEST POST https://cloudresourcemanager.googleapis.com/v1/projects/odisdkp:testIamPermissions  

[debug] [2019-11-04T13:18:07.450Z] <<< HTTP RESPONSE 200
[debug] [2019-11-04T13:18:07.452Z] >>> HTTP REQUEST GET https://firebase.googleapis.com/v1beta1/projects/odisdkp  
 
[debug] [2019-11-04T13:18:08.553Z] <<< HTTP RESPONSE 200
[debug] [2019-11-04T13:18:08.556Z] >>> HTTP REQUEST GET https://firebase.googleapis.com/v1beta1/projects/odisdkp/webApps/-/config  
 
[warn] !  Your requested "node" version "8" doesn't match your global version "10"
[debug] [2019-11-04T13:18:09.765Z] <<< HTTP RESPONSE 200
[info] i  hosting: Serving hosting files from: dist/odisdkp
[info] +  hosting: Local server: http://localhost:5000
[info] +  functions: Emulator started at http://localhost:5001
[info] i  functions: Watching "C:\xampp\htdocs\odisdkp\functions" for Cloud Functions...
[debug] [2019-11-04T13:18:10.118Z] [worker-~diagnostic~-423bd883-7c32-47ea-9d74-6c6056197983]: BUSY
[debug] [2019-11-04T13:18:10.604Z] [runtime-status] Functions runtime initialized. {"cwd":"C:\\xampp\\htdocs\\odisdkp\\functions","node_version":"10.13.0"}
[debug] [2019-11-04T13:18:10.606Z] [runtime-status] Disabled runtime features: {"functions_config_helper":true,"network_filtering":true,"timeout":true,"memory_limiting":true,"admin_stubs":true} {}
[debug] [2019-11-04T13:18:10.609Z] [runtime-status] Resolved module firebase-admin {"declared":true,"installed":true,"version":"8.7.0","resolution":"C:\\xampp\\htdocs\\odisdkp\\functions\\node_modules\\firebase-admin\\lib\\index.js"}
[debug] [2019-11-04T13:18:10.611Z] [runtime-status] Resolved module firebase-functions {"declared":true,"installed":true,"version":"3.3.0","resolution":"C:\\xampp\\htdocs\\odisdkp\\functions\\node_modules\\firebase-functions\\lib\\index.js"}
[debug] [2019-11-04T13:18:10.612Z] [runtime-status] Resolved module firebase-functions {"declared":true,"installed":true,"version":"3.3.0","resolution":"C:\\xampp\\htdocs\\odisdkp\\functions\\node_modules\\firebase-functions\\lib\\index.js"}
[warn] !  TypeError: Cannot read property 'key' of undefined
    at Object.<anonymous> (C:\xampp\htdocs\odisdkp\functions\lib\index.js:8:53)
    at Module._compile (internal/modules/cjs/loader.js:688:30)
    at Object.Module._extensions..js (internal/modules/cjs/loader.js:699:10)
    at Module.load (internal/modules/cjs/loader.js:598:32)
    at tryModuleLoad (internal/modules/cjs/loader.js:537:12)
    at Function.Module._load (internal/modules/cjs/loader.js:529:3)
    at Module.require (internal/modules/cjs/loader.js:636:17)
    at require (internal/modules/cjs/helpers.js:20:18)
    at C:\Users\Hugo Barboza\AppData\Roaming\npm\node_modules\firebase-tools\lib\emulator\functionsEmulatorRuntime.js:709:33
    at Generator.next (<anonymous>)
[warn] !  We were unable to load your functions code. (see above)
   - It appears your code is written in Typescript, which must be compiled before emulation.
   - You may be able to run "npm run build" in your functions directory to resolve this.
[debug] [2019-11-04T13:18:10.710Z] [worker-~diagnostic~-423bd883-7c32-47ea-9d74-6c6056197983]: exited
[debug] [2019-11-04T13:18:10.710Z] [worker-~diagnostic~-423bd883-7c32-47ea-9d74-6c6056197983]: FINISHED
[debug] [2019-11-04T13:25:58.921Z] ----------------------------------------------------------------------
[debug] [2019-11-04T13:25:58.924Z] Command:       C:\Program Files\nodejs\node.exe C:\Users\Hugo Barboza\AppData\Roaming\npm\node_modules\firebase-tools\lib\bin\firebase.js serve --only functions,hosting
[debug] [2019-11-04T13:25:58.924Z] CLI Version:   7.6.2
[debug] [2019-11-04T13:25:58.924Z] Platform:      win32
[debug] [2019-11-04T13:25:58.924Z] Node Version:  v10.13.0
[debug] [2019-11-04T13:25:58.926Z] Time:          Mon Nov 04 2019 10:25:58 GMT-0300 (GMT-03:00)
[debug] [2019-11-04T13:25:58.926Z] ----------------------------------------------------------------------
[debug] [2019-11-04T13:25:58.926Z] 
[debug] [2019-11-04T13:25:58.948Z] > command requires scopes: ["email","openid","https://www.googleapis.com/auth/cloudplatformprojects.readonly","https://www.googleapis.com/auth/firebase","https://www.googleapis.com/auth/cloud-platform"]
[debug] [2019-11-04T13:25:58.949Z] > authorizing via signed-in user
[debug] [2019-11-04T13:25:58.949Z] [iam] checking project odisdkp for permissions ["firebase.projects.get"]
[debug] [2019-11-04T13:25:58.951Z] >>> HTTP REQUEST POST https://cloudresourcemanager.googleapis.com/v1/projects/odisdkp:testIamPermissions  

[debug] [2019-11-04T13:26:00.016Z] <<< HTTP RESPONSE 200
[debug] [2019-11-04T13:26:00.018Z] >>> HTTP REQUEST GET https://firebase.googleapis.com/v1beta1/projects/odisdkp  
 
[debug] [2019-11-04T13:26:01.134Z] <<< HTTP RESPONSE 200
[debug] [2019-11-04T13:26:01.137Z] >>> HTTP REQUEST GET https://firebase.googleapis.com/v1beta1/projects/odisdkp/webApps/-/config  
 
[warn] !  Your requested "node" version "8" doesn't match your global version "10"
[debug] [2019-11-04T13:26:02.401Z] <<< HTTP RESPONSE 200
[info] i  hosting: Serving hosting files from: dist/odisdkp
[info] +  hosting: Local server: http://localhost:5000
[info] +  functions: Emulator started at http://localhost:5001
[info] i  functions: Watching "C:\xampp\htdocs\odisdkp\functions" for Cloud Functions...
[debug] [2019-11-04T13:26:02.718Z] [worker-~diagnostic~-1c5bd265-3cb9-4739-8ed5-7864a3096107]: BUSY
[debug] [2019-11-04T13:26:03.394Z] [runtime-status] Functions runtime initialized. {"cwd":"C:\\xampp\\htdocs\\odisdkp\\functions","node_version":"10.13.0"}
[debug] [2019-11-04T13:26:03.395Z] [runtime-status] Disabled runtime features: {"functions_config_helper":true,"network_filtering":true,"timeout":true,"memory_limiting":true,"admin_stubs":true} {}
[debug] [2019-11-04T13:26:03.399Z] [runtime-status] Resolved module firebase-admin {"declared":true,"installed":true,"version":"8.7.0","resolution":"C:\\xampp\\htdocs\\odisdkp\\functions\\node_modules\\firebase-admin\\lib\\index.js"}
[debug] [2019-11-04T13:26:03.401Z] [runtime-status] Resolved module firebase-functions {"declared":true,"installed":true,"version":"3.3.0","resolution":"C:\\xampp\\htdocs\\odisdkp\\functions\\node_modules\\firebase-functions\\lib\\index.js"}
[debug] [2019-11-04T13:26:03.402Z] [runtime-status] Resolved module firebase-functions {"declared":true,"installed":true,"version":"3.3.0","resolution":"C:\\xampp\\htdocs\\odisdkp\\functions\\node_modules\\firebase-functions\\lib\\index.js"}
[warn] !  TypeError: Cannot read property 'key' of undefined
    at Object.<anonymous> (C:\xampp\htdocs\odisdkp\functions\lib\index.js:8:53)
    at Module._compile (internal/modules/cjs/loader.js:688:30)
    at Object.Module._extensions..js (internal/modules/cjs/loader.js:699:10)
    at Module.load (internal/modules/cjs/loader.js:598:32)
    at tryModuleLoad (internal/modules/cjs/loader.js:537:12)
    at Function.Module._load (internal/modules/cjs/loader.js:529:3)
    at Module.require (internal/modules/cjs/loader.js:636:17)
    at require (internal/modules/cjs/helpers.js:20:18)
    at C:\Users\Hugo Barboza\AppData\Roaming\npm\node_modules\firebase-tools\lib\emulator\functionsEmulatorRuntime.js:709:33
    at Generator.next (<anonymous>)
[warn] !  We were unable to load your functions code. (see above)
   - It appears your code is written in Typescript, which must be compiled before emulation.
   - You may be able to run "npm run build" in your functions directory to resolve this.
[debug] [2019-11-04T13:26:03.532Z] [worker-~diagnostic~-1c5bd265-3cb9-4739-8ed5-7864a3096107]: exited
[debug] [2019-11-04T13:26:03.532Z] [worker-~diagnostic~-1c5bd265-3cb9-4739-8ed5-7864a3096107]: FINISHED
[debug] [2019-11-04T13:27:29.810Z] ----------------------------------------------------------------------
[debug] [2019-11-04T13:27:29.812Z] Command:       C:\Program Files\nodejs\node.exe C:\Users\Hugo Barboza\AppData\Roaming\npm\node_modules\firebase-tools\lib\bin\firebase.js serve --only functions,hosting
[debug] [2019-11-04T13:27:29.812Z] CLI Version:   7.6.2
[debug] [2019-11-04T13:27:29.812Z] Platform:      win32
[debug] [2019-11-04T13:27:29.812Z] Node Version:  v10.13.0
[debug] [2019-11-04T13:27:29.814Z] Time:          Mon Nov 04 2019 10:27:29 GMT-0300 (GMT-03:00)
[debug] [2019-11-04T13:27:29.814Z] ----------------------------------------------------------------------
[debug] [2019-11-04T13:27:29.814Z] 
[debug] [2019-11-04T13:27:29.827Z] > command requires scopes: ["email","openid","https://www.googleapis.com/auth/cloudplatformprojects.readonly","https://www.googleapis.com/auth/firebase","https://www.googleapis.com/auth/cloud-platform"]
[debug] [2019-11-04T13:27:29.827Z] > authorizing via signed-in user
[debug] [2019-11-04T13:27:29.827Z] [iam] checking project odisdkp for permissions ["firebase.projects.get"]
[debug] [2019-11-04T13:27:29.830Z] >>> HTTP REQUEST POST https://cloudresourcemanager.googleapis.com/v1/projects/odisdkp:testIamPermissions  

[debug] [2019-11-04T13:27:30.845Z] <<< HTTP RESPONSE 200
[debug] [2019-11-04T13:27:30.847Z] >>> HTTP REQUEST GET https://firebase.googleapis.com/v1beta1/projects/odisdkp  
 
[debug] [2019-11-04T13:27:31.915Z] <<< HTTP RESPONSE 200
[debug] [2019-11-04T13:27:31.919Z] >>> HTTP REQUEST GET https://firebase.googleapis.com/v1beta1/projects/odisdkp/webApps/-/config  
 
[warn] !  Your requested "node" version "8" doesn't match your global version "10"
[debug] [2019-11-04T13:27:33.142Z] <<< HTTP RESPONSE 200
[info] i  hosting: Serving hosting files from: dist/odisdkp
[info] +  hosting: Local server: http://localhost:5000
[info] +  functions: Emulator started at http://localhost:5001
[info] i  functions: Watching "C:\xampp\htdocs\odisdkp\functions" for Cloud Functions...
[debug] [2019-11-04T13:27:33.483Z] [worker-~diagnostic~-5c807ca1-d6c5-4c76-96a4-26f6886e1810]: BUSY
[debug] [2019-11-04T13:27:33.980Z] [runtime-status] Functions runtime initialized. {"cwd":"C:\\xampp\\htdocs\\odisdkp\\functions","node_version":"10.13.0"}
[debug] [2019-11-04T13:27:33.981Z] [runtime-status] Disabled runtime features: {"functions_config_helper":true,"network_filtering":true,"timeout":true,"memory_limiting":true,"admin_stubs":true} {}
[debug] [2019-11-04T13:27:33.987Z] [runtime-status] Resolved module firebase-admin {"declared":true,"installed":true,"version":"8.7.0","resolution":"C:\\xampp\\htdocs\\odisdkp\\functions\\node_modules\\firebase-admin\\lib\\index.js"}
[debug] [2019-11-04T13:27:33.990Z] [runtime-status] Resolved module firebase-functions {"declared":true,"installed":true,"version":"3.3.0","resolution":"C:\\xampp\\htdocs\\odisdkp\\functions\\node_modules\\firebase-functions\\lib\\index.js"}
[debug] [2019-11-04T13:27:33.991Z] [runtime-status] Resolved module firebase-functions {"declared":true,"installed":true,"version":"3.3.0","resolution":"C:\\xampp\\htdocs\\odisdkp\\functions\\node_modules\\firebase-functions\\lib\\index.js"}
[warn] !  TypeError: Cannot read property 'key' of undefined
    at Object.<anonymous> (C:\xampp\htdocs\odisdkp\functions\lib\index.js:8:53)
    at Module._compile (internal/modules/cjs/loader.js:688:30)
    at Object.Module._extensions..js (internal/modules/cjs/loader.js:699:10)
    at Module.load (internal/modules/cjs/loader.js:598:32)
    at tryModuleLoad (internal/modules/cjs/loader.js:537:12)
    at Function.Module._load (internal/modules/cjs/loader.js:529:3)
    at Module.require (internal/modules/cjs/loader.js:636:17)
    at require (internal/modules/cjs/helpers.js:20:18)
    at C:\Users\Hugo Barboza\AppData\Roaming\npm\node_modules\firebase-tools\lib\emulator\functionsEmulatorRuntime.js:709:33
    at Generator.next (<anonymous>)
[warn] !  We were unable to load your functions code. (see above)
   - It appears your code is written in Typescript, which must be compiled before emulation.
   - You may be able to run "npm run build" in your functions directory to resolve this.
[debug] [2019-11-04T13:27:34.094Z] [worker-~diagnostic~-5c807ca1-d6c5-4c76-96a4-26f6886e1810]: exited
[debug] [2019-11-04T13:27:34.094Z] [worker-~diagnostic~-5c807ca1-d6c5-4c76-96a4-26f6886e1810]: FINISHED
[debug] [2019-11-04T13:33:25.353Z] ----------------------------------------------------------------------
[debug] [2019-11-04T13:33:25.355Z] Command:       C:\Program Files\nodejs\node.exe C:\Users\Hugo Barboza\AppData\Roaming\npm\node_modules\firebase-tools\lib\bin\firebase.js serve --only functions,hosting
[debug] [2019-11-04T13:33:25.356Z] CLI Version:   7.6.2
[debug] [2019-11-04T13:33:25.356Z] Platform:      win32
[debug] [2019-11-04T13:33:25.356Z] Node Version:  v10.13.0
[debug] [2019-11-04T13:33:25.357Z] Time:          Mon Nov 04 2019 10:33:25 GMT-0300 (GMT-03:00)
[debug] [2019-11-04T13:33:25.357Z] ----------------------------------------------------------------------
[debug] [2019-11-04T13:33:25.357Z] 
[debug] [2019-11-04T13:33:25.366Z] > command requires scopes: ["email","openid","https://www.googleapis.com/auth/cloudplatformprojects.readonly","https://www.googleapis.com/auth/firebase","https://www.googleapis.com/auth/cloud-platform"]
[debug] [2019-11-04T13:33:25.366Z] > authorizing via signed-in user
[debug] [2019-11-04T13:33:25.366Z] [iam] checking project odisdkp for permissions ["firebase.projects.get"]
[debug] [2019-11-04T13:33:25.368Z] > refreshing access token with scopes: ["email","https://www.googleapis.com/auth/cloud-platform","https://www.googleapis.com/auth/cloudplatformprojects.readonly","https://www.googleapis.com/auth/firebase","openid"]
[debug] [2019-11-04T13:33:25.368Z] >>> HTTP REQUEST POST https://www.googleapis.com/oauth2/v3/token  
 <request body omitted>
[debug] [2019-11-04T13:33:25.454Z] <<< HTTP RESPONSE 200
[debug] [2019-11-04T13:33:25.469Z] >>> HTTP REQUEST POST https://cloudresourcemanager.googleapis.com/v1/projects/odisdkp:testIamPermissions  

[debug] [2019-11-04T13:33:26.458Z] <<< HTTP RESPONSE 200
[debug] [2019-11-04T13:33:26.459Z] >>> HTTP REQUEST GET https://firebase.googleapis.com/v1beta1/projects/odisdkp  
 
[debug] [2019-11-04T13:33:27.536Z] <<< HTTP RESPONSE 200
[debug] [2019-11-04T13:33:27.539Z] >>> HTTP REQUEST GET https://firebase.googleapis.com/v1beta1/projects/odisdkp/webApps/-/config  
 
[warn] !  Your requested "node" version "8" doesn't match your global version "10"
[debug] [2019-11-04T13:33:28.746Z] <<< HTTP RESPONSE 200
[info] i  hosting: Serving hosting files from: dist/odisdkp
[info] +  hosting: Local server: http://localhost:5000
[info] +  functions: Emulator started at http://localhost:5001
[info] i  functions: Watching "C:\xampp\htdocs\odisdkp\functions" for Cloud Functions...
[debug] [2019-11-04T13:33:29.132Z] [worker-~diagnostic~-dc572db0-b7c7-42ee-aea9-02c924fe73cb]: BUSY
[debug] [2019-11-04T13:33:29.803Z] [runtime-status] Functions runtime initialized. {"cwd":"C:\\xampp\\htdocs\\odisdkp\\functions","node_version":"10.13.0"}
[debug] [2019-11-04T13:33:29.804Z] [runtime-status] Disabled runtime features: {"functions_config_helper":true,"network_filtering":true,"timeout":true,"memory_limiting":true,"admin_stubs":true} {}
[debug] [2019-11-04T13:33:29.808Z] [runtime-status] Resolved module firebase-admin {"declared":true,"installed":true,"version":"8.7.0","resolution":"C:\\xampp\\htdocs\\odisdkp\\functions\\node_modules\\firebase-admin\\lib\\index.js"}
[debug] [2019-11-04T13:33:29.810Z] [runtime-status] Resolved module firebase-functions {"declared":true,"installed":true,"version":"3.3.0","resolution":"C:\\xampp\\htdocs\\odisdkp\\functions\\node_modules\\firebase-functions\\lib\\index.js"}
[debug] [2019-11-04T13:33:29.811Z] [runtime-status] Resolved module firebase-functions {"declared":true,"installed":true,"version":"3.3.0","resolution":"C:\\xampp\\htdocs\\odisdkp\\functions\\node_modules\\firebase-functions\\lib\\index.js"}
[warn] !  TypeError: Cannot read property 'key' of undefined
    at Object.<anonymous> (C:\xampp\htdocs\odisdkp\functions\lib\index.js:8:53)
    at Module._compile (internal/modules/cjs/loader.js:688:30)
    at Object.Module._extensions..js (internal/modules/cjs/loader.js:699:10)
    at Module.load (internal/modules/cjs/loader.js:598:32)
    at tryModuleLoad (internal/modules/cjs/loader.js:537:12)
    at Function.Module._load (internal/modules/cjs/loader.js:529:3)
    at Module.require (internal/modules/cjs/loader.js:636:17)
    at require (internal/modules/cjs/helpers.js:20:18)
    at C:\Users\Hugo Barboza\AppData\Roaming\npm\node_modules\firebase-tools\lib\emulator\functionsEmulatorRuntime.js:709:33
    at Generator.next (<anonymous>)
[warn] !  We were unable to load your functions code. (see above)
   - It appears your code is written in Typescript, which must be compiled before emulation.
   - You may be able to run "npm run build" in your functions directory to resolve this.
[debug] [2019-11-04T13:33:29.928Z] [worker-~diagnostic~-dc572db0-b7c7-42ee-aea9-02c924fe73cb]: exited
[debug] [2019-11-04T13:33:29.928Z] [worker-~diagnostic~-dc572db0-b7c7-42ee-aea9-02c924fe73cb]: FINISHED
[debug] [2019-11-04T13:34:59.589Z] ----------------------------------------------------------------------
[debug] [2019-11-04T13:34:59.591Z] Command:       C:\Program Files\nodejs\node.exe C:\Users\Hugo Barboza\AppData\Roaming\npm\node_modules\firebase-tools\lib\bin\firebase.js serve --only functions,hosting
[debug] [2019-11-04T13:34:59.591Z] CLI Version:   7.6.2
[debug] [2019-11-04T13:34:59.591Z] Platform:      win32
[debug] [2019-11-04T13:34:59.592Z] Node Version:  v10.13.0
[debug] [2019-11-04T13:34:59.593Z] Time:          Mon Nov 04 2019 10:34:59 GMT-0300 (GMT-03:00)
[debug] [2019-11-04T13:34:59.593Z] ----------------------------------------------------------------------
[debug] [2019-11-04T13:34:59.593Z] 
[debug] [2019-11-04T13:34:59.602Z] > command requires scopes: ["email","openid","https://www.googleapis.com/auth/cloudplatformprojects.readonly","https://www.googleapis.com/auth/firebase","https://www.googleapis.com/auth/cloud-platform"]
[debug] [2019-11-04T13:34:59.602Z] > authorizing via signed-in user
[debug] [2019-11-04T13:34:59.602Z] [iam] checking project odisdkp for permissions ["firebase.projects.get"]
[debug] [2019-11-04T13:34:59.604Z] >>> HTTP REQUEST POST https://cloudresourcemanager.googleapis.com/v1/projects/odisdkp:testIamPermissions  

[debug] [2019-11-04T13:35:00.632Z] <<< HTTP RESPONSE 200
[debug] [2019-11-04T13:35:00.634Z] >>> HTTP REQUEST GET https://firebase.googleapis.com/v1beta1/projects/odisdkp  
 
[debug] [2019-11-04T13:35:01.712Z] <<< HTTP RESPONSE 200
[debug] [2019-11-04T13:35:01.716Z] >>> HTTP REQUEST GET https://firebase.googleapis.com/v1beta1/projects/odisdkp/webApps/-/config  
 
[warn] !  Your requested "node" version "8" doesn't match your global version "10"
[debug] [2019-11-04T13:35:02.921Z] <<< HTTP RESPONSE 200
[info] i  hosting: Serving hosting files from: dist/odisdkp
[info] +  hosting: Local server: http://localhost:5000
[info] +  functions: Emulator started at http://localhost:5001
[info] i  functions: Watching "C:\xampp\htdocs\odisdkp\functions" for Cloud Functions...
[debug] [2019-11-04T13:35:03.290Z] [worker-~diagnostic~-a32ab22f-f690-4f0f-be39-fad0deea12f5]: BUSY
[debug] [2019-11-04T13:35:03.788Z] [runtime-status] Functions runtime initialized. {"cwd":"C:\\xampp\\htdocs\\odisdkp\\functions","node_version":"10.13.0"}
[debug] [2019-11-04T13:35:03.790Z] [runtime-status] Disabled runtime features: {"functions_config_helper":true,"network_filtering":true,"timeout":true,"memory_limiting":true,"admin_stubs":true} {}
[debug] [2019-11-04T13:35:03.793Z] [runtime-status] Resolved module firebase-admin {"declared":true,"installed":true,"version":"8.7.0","resolution":"C:\\xampp\\htdocs\\odisdkp\\functions\\node_modules\\firebase-admin\\lib\\index.js"}
[debug] [2019-11-04T13:35:03.795Z] [runtime-status] Resolved module firebase-functions {"declared":true,"installed":true,"version":"3.3.0","resolution":"C:\\xampp\\htdocs\\odisdkp\\functions\\node_modules\\firebase-functions\\lib\\index.js"}
[debug] [2019-11-04T13:35:03.796Z] [runtime-status] Resolved module firebase-functions {"declared":true,"installed":true,"version":"3.3.0","resolution":"C:\\xampp\\htdocs\\odisdkp\\functions\\node_modules\\firebase-functions\\lib\\index.js"}
[warn] !  TypeError: Cannot read property 'key' of undefined
    at Object.<anonymous> (C:\xampp\htdocs\odisdkp\functions\lib\index.js:8:53)
    at Module._compile (internal/modules/cjs/loader.js:688:30)
    at Object.Module._extensions..js (internal/modules/cjs/loader.js:699:10)
    at Module.load (internal/modules/cjs/loader.js:598:32)
    at tryModuleLoad (internal/modules/cjs/loader.js:537:12)
    at Function.Module._load (internal/modules/cjs/loader.js:529:3)
    at Module.require (internal/modules/cjs/loader.js:636:17)
    at require (internal/modules/cjs/helpers.js:20:18)
    at C:\Users\Hugo Barboza\AppData\Roaming\npm\node_modules\firebase-tools\lib\emulator\functionsEmulatorRuntime.js:709:33
    at Generator.next (<anonymous>)
[warn] !  We were unable to load your functions code. (see above)
   - It appears your code is written in Typescript, which must be compiled before emulation.
   - You may be able to run "npm run build" in your functions directory to resolve this.
[debug] [2019-11-04T13:35:03.905Z] [worker-~diagnostic~-a32ab22f-f690-4f0f-be39-fad0deea12f5]: exited
[debug] [2019-11-04T13:35:03.905Z] [worker-~diagnostic~-a32ab22f-f690-4f0f-be39-fad0deea12f5]: FINISHED
[debug] [2019-11-04T13:38:10.861Z] ----------------------------------------------------------------------
[debug] [2019-11-04T13:38:10.863Z] Command:       C:\Program Files\nodejs\node.exe C:\Users\Hugo Barboza\AppData\Roaming\npm\node_modules\firebase-tools\lib\bin\firebase.js serve --only functions,hosting
[debug] [2019-11-04T13:38:10.863Z] CLI Version:   7.6.2
[debug] [2019-11-04T13:38:10.863Z] Platform:      win32
[debug] [2019-11-04T13:38:10.863Z] Node Version:  v10.13.0
[debug] [2019-11-04T13:38:10.864Z] Time:          Mon Nov 04 2019 10:38:10 GMT-0300 (GMT-03:00)
[debug] [2019-11-04T13:38:10.864Z] ----------------------------------------------------------------------
[debug] [2019-11-04T13:38:10.864Z] 
[debug] [2019-11-04T13:38:10.873Z] > command requires scopes: ["email","openid","https://www.googleapis.com/auth/cloudplatformprojects.readonly","https://www.googleapis.com/auth/firebase","https://www.googleapis.com/auth/cloud-platform"]
[debug] [2019-11-04T13:38:10.873Z] > authorizing via signed-in user
[debug] [2019-11-04T13:38:10.873Z] [iam] checking project odisdkp for permissions ["firebase.projects.get"]
[debug] [2019-11-04T13:38:10.875Z] >>> HTTP REQUEST POST https://cloudresourcemanager.googleapis.com/v1/projects/odisdkp:testIamPermissions  

[debug] [2019-11-04T13:38:11.888Z] <<< HTTP RESPONSE 200
[debug] [2019-11-04T13:38:11.890Z] >>> HTTP REQUEST GET https://firebase.googleapis.com/v1beta1/projects/odisdkp  
 
[debug] [2019-11-04T13:38:12.964Z] <<< HTTP RESPONSE 200
[debug] [2019-11-04T13:38:12.968Z] >>> HTTP REQUEST GET https://firebase.googleapis.com/v1beta1/projects/odisdkp/webApps/-/config  
 
[debug] [2019-11-04T13:38:13.395Z] <<< HTTP RESPONSE 200
[info] i  hosting: Serving hosting files from: dist/odisdkp
[info] +  hosting: Local server: http://localhost:5000
[warn] !  Your requested "node" version "8" doesn't match your global version "10"
[info] +  functions: Emulator started at http://localhost:5001
[info] i  functions: Watching "C:\xampp\htdocs\odisdkp\functions" for Cloud Functions...
[debug] [2019-11-04T13:38:14.529Z] [worker-~diagnostic~-80981a26-a3fe-4e89-8635-b8de292ab370]: BUSY
[debug] [2019-11-04T13:38:15.154Z] [runtime-status] Functions runtime initialized. {"cwd":"C:\\xampp\\htdocs\\odisdkp\\functions","node_version":"10.13.0"}
[debug] [2019-11-04T13:38:15.155Z] [runtime-status] Disabled runtime features: {"functions_config_helper":true,"network_filtering":true,"timeout":true,"memory_limiting":true,"admin_stubs":true} {}
[debug] [2019-11-04T13:38:15.159Z] [runtime-status] Resolved module firebase-admin {"declared":true,"installed":true,"version":"8.7.0","resolution":"C:\\xampp\\htdocs\\odisdkp\\functions\\node_modules\\firebase-admin\\lib\\index.js"}
[debug] [2019-11-04T13:38:15.160Z] [runtime-status] Resolved module firebase-functions {"declared":true,"installed":true,"version":"3.3.0","resolution":"C:\\xampp\\htdocs\\odisdkp\\functions\\node_modules\\firebase-functions\\lib\\index.js"}
[debug] [2019-11-04T13:38:15.161Z] [runtime-status] Resolved module firebase-functions {"declared":true,"installed":true,"version":"3.3.0","resolution":"C:\\xampp\\htdocs\\odisdkp\\functions\\node_modules\\firebase-functions\\lib\\index.js"}
[warn] !  TypeError: Cannot read property 'key' of undefined
    at Object.<anonymous> (C:\xampp\htdocs\odisdkp\functions\lib\index.js:8:53)
    at Module._compile (internal/modules/cjs/loader.js:688:30)
    at Object.Module._extensions..js (internal/modules/cjs/loader.js:699:10)
    at Module.load (internal/modules/cjs/loader.js:598:32)
    at tryModuleLoad (internal/modules/cjs/loader.js:537:12)
    at Function.Module._load (internal/modules/cjs/loader.js:529:3)
    at Module.require (internal/modules/cjs/loader.js:636:17)
    at require (internal/modules/cjs/helpers.js:20:18)
    at C:\Users\Hugo Barboza\AppData\Roaming\npm\node_modules\firebase-tools\lib\emulator\functionsEmulatorRuntime.js:709:33
    at Generator.next (<anonymous>)
[warn] !  We were unable to load your functions code. (see above)
   - It appears your code is written in Typescript, which must be compiled before emulation.
   - You may be able to run "npm run build" in your functions directory to resolve this.
[debug] [2019-11-04T13:38:15.261Z] [worker-~diagnostic~-80981a26-a3fe-4e89-8635-b8de292ab370]: exited
[debug] [2019-11-04T13:38:15.261Z] [worker-~diagnostic~-80981a26-a3fe-4e89-8635-b8de292ab370]: FINISHED
[info] [hosting] Rewriting /hello to http://localhost:5001/odisdkp/us-central1/helloWorld for local Function helloWorld
[debug] [2019-11-04T13:38:26.537Z] Accepted request GET /odisdkp/us-central1/helloWorld/hello --> helloWorld
[debug] [2019-11-04T13:38:26.566Z] [worker-helloWorld-66c8e776-0714-43bd-b9bd-9d18cebc2eec]: BUSY
[debug] [2019-11-04T13:38:27.147Z] [runtime-status] Functions runtime initialized. {"cwd":"C:\\xampp\\htdocs\\odisdkp\\functions","node_version":"10.13.0"}
[debug] [2019-11-04T13:38:27.149Z] [runtime-status] Disabled runtime features: {"functions_config_helper":true,"network_filtering":true,"timeout":true,"memory_limiting":true,"admin_stubs":true} {}
[debug] [2019-11-04T13:38:27.153Z] [runtime-status] Resolved module firebase-admin {"declared":true,"installed":true,"version":"8.7.0","resolution":"C:\\xampp\\htdocs\\odisdkp\\functions\\node_modules\\firebase-admin\\lib\\index.js"}
[debug] [2019-11-04T13:38:27.155Z] [runtime-status] Resolved module firebase-functions {"declared":true,"installed":true,"version":"3.3.0","resolution":"C:\\xampp\\htdocs\\odisdkp\\functions\\node_modules\\firebase-functions\\lib\\index.js"}
[debug] [2019-11-04T13:38:27.156Z] [runtime-status] Resolved module firebase-functions {"declared":true,"installed":true,"version":"3.3.0","resolution":"C:\\xampp\\htdocs\\odisdkp\\functions\\node_modules\\firebase-functions\\lib\\index.js"}
[warn] !  TypeError: Cannot read property 'key' of undefined
    at Object.<anonymous> (C:\xampp\htdocs\odisdkp\functions\lib\index.js:8:53)
    at Module._compile (internal/modules/cjs/loader.js:688:30)
    at Object.Module._extensions..js (internal/modules/cjs/loader.js:699:10)
    at Module.load (internal/modules/cjs/loader.js:598:32)
    at tryModuleLoad (internal/modules/cjs/loader.js:537:12)
    at Function.Module._load (internal/modules/cjs/loader.js:529:3)
    at Module.require (internal/modules/cjs/loader.js:636:17)
    at require (internal/modules/cjs/helpers.js:20:18)
    at C:\Users\Hugo Barboza\AppData\Roaming\npm\node_modules\firebase-tools\lib\emulator\functionsEmulatorRuntime.js:709:33
    at Generator.next (<anonymous>)
[warn] !  We were unable to load your functions code. (see above)
   - It appears your code is written in Typescript, which must be compiled before emulation.
   - You may be able to run "npm run build" in your functions directory to resolve this.
[debug] [2019-11-04T13:38:27.265Z] [worker-helloWorld-66c8e776-0714-43bd-b9bd-9d18cebc2eec]: exited
[debug] [2019-11-04T13:38:27.265Z] [worker-helloWorld-66c8e776-0714-43bd-b9bd-9d18cebc2eec]: FINISHED
[debug] [2019-11-04T13:51:09.964Z] ----------------------------------------------------------------------
[debug] [2019-11-04T13:51:09.965Z] Command:       C:\Program Files\nodejs\node.exe C:\Users\Hugo Barboza\AppData\Roaming\npm\node_modules\firebase-tools\lib\bin\firebase.js serve --only functions,hosting
[debug] [2019-11-04T13:51:09.966Z] CLI Version:   7.6.2
[debug] [2019-11-04T13:51:09.966Z] Platform:      win32
[debug] [2019-11-04T13:51:09.966Z] Node Version:  v10.13.0
[debug] [2019-11-04T13:51:09.967Z] Time:          Mon Nov 04 2019 10:51:09 GMT-0300 (GMT-03:00)
[debug] [2019-11-04T13:51:09.967Z] ----------------------------------------------------------------------
[debug] [2019-11-04T13:51:09.967Z] 
[debug] [2019-11-04T13:51:09.976Z] > command requires scopes: ["email","openid","https://www.googleapis.com/auth/cloudplatformprojects.readonly","https://www.googleapis.com/auth/firebase","https://www.googleapis.com/auth/cloud-platform"]
[debug] [2019-11-04T13:51:09.976Z] > authorizing via signed-in user
[debug] [2019-11-04T13:51:09.976Z] [iam] checking project odisdkp for permissions ["firebase.projects.get"]
[debug] [2019-11-04T13:51:09.978Z] >>> HTTP REQUEST POST https://cloudresourcemanager.googleapis.com/v1/projects/odisdkp:testIamPermissions  

[debug] [2019-11-04T13:51:11.044Z] <<< HTTP RESPONSE 200
[debug] [2019-11-04T13:51:11.046Z] >>> HTTP REQUEST GET https://firebase.googleapis.com/v1beta1/projects/odisdkp  
 
[debug] [2019-11-04T13:51:12.106Z] <<< HTTP RESPONSE 200
[debug] [2019-11-04T13:51:12.114Z] >>> HTTP REQUEST GET https://firebase.googleapis.com/v1beta1/projects/odisdkp/webApps/-/config  
 
[warn] !  Your requested "node" version "8" doesn't match your global version "10"
[debug] [2019-11-04T13:51:13.329Z] <<< HTTP RESPONSE 200
[info] i  hosting: Serving hosting files from: dist/odisdkp
[info] +  hosting: Local server: http://localhost:5000
[info] +  functions: Emulator started at http://localhost:5001
[info] i  functions: Watching "C:\xampp\htdocs\odisdkp\functions" for Cloud Functions...
[debug] [2019-11-04T13:51:13.693Z] [worker-~diagnostic~-6390353b-c966-43d7-b241-ebe6053b15b9]: BUSY
[debug] [2019-11-04T13:51:14.177Z] [runtime-status] Functions runtime initialized. {"cwd":"C:\\xampp\\htdocs\\odisdkp\\functions","node_version":"10.13.0"}
[debug] [2019-11-04T13:51:14.178Z] [runtime-status] Disabled runtime features: {"functions_config_helper":true,"network_filtering":true,"timeout":true,"memory_limiting":true,"admin_stubs":true} {}
[debug] [2019-11-04T13:51:14.181Z] [runtime-status] Resolved module firebase-admin {"declared":true,"installed":true,"version":"8.7.0","resolution":"C:\\xampp\\htdocs\\odisdkp\\functions\\node_modules\\firebase-admin\\lib\\index.js"}
[debug] [2019-11-04T13:51:14.183Z] [runtime-status] Resolved module firebase-functions {"declared":true,"installed":true,"version":"3.3.0","resolution":"C:\\xampp\\htdocs\\odisdkp\\functions\\node_modules\\firebase-functions\\lib\\index.js"}
[debug] [2019-11-04T13:51:14.184Z] [runtime-status] Resolved module firebase-functions {"declared":true,"installed":true,"version":"3.3.0","resolution":"C:\\xampp\\htdocs\\odisdkp\\functions\\node_modules\\firebase-functions\\lib\\index.js"}
[warn] !  TypeError: Cannot read property 'key' of undefined
    at Object.<anonymous> (C:\xampp\htdocs\odisdkp\functions\lib\index.js:8:53)
    at Module._compile (internal/modules/cjs/loader.js:688:30)
    at Object.Module._extensions..js (internal/modules/cjs/loader.js:699:10)
    at Module.load (internal/modules/cjs/loader.js:598:32)
    at tryModuleLoad (internal/modules/cjs/loader.js:537:12)
    at Function.Module._load (internal/modules/cjs/loader.js:529:3)
    at Module.require (internal/modules/cjs/loader.js:636:17)
    at require (internal/modules/cjs/helpers.js:20:18)
    at C:\Users\Hugo Barboza\AppData\Roaming\npm\node_modules\firebase-tools\lib\emulator\functionsEmulatorRuntime.js:709:33
    at Generator.next (<anonymous>)
[warn] !  We were unable to load your functions code. (see above)
   - It appears your code is written in Typescript, which must be compiled before emulation.
   - You may be able to run "npm run build" in your functions directory to resolve this.
[debug] [2019-11-04T13:51:14.279Z] [worker-~diagnostic~-6390353b-c966-43d7-b241-ebe6053b15b9]: exited
[debug] [2019-11-04T13:51:14.279Z] [worker-~diagnostic~-6390353b-c966-43d7-b241-ebe6053b15b9]: FINISHED
[debug] [2019-11-04T13:56:47.573Z] File C:\xampp\htdocs\odisdkp\functions\src\index.ts changed, reloading triggers
[debug] [2019-11-04T13:56:48.603Z] [worker-~diagnostic~-9a7f76aa-d497-40a2-abcf-14262131c607]: BUSY
[debug] [2019-11-04T13:56:49.265Z] [runtime-status] Functions runtime initialized. {"cwd":"C:\\xampp\\htdocs\\odisdkp\\functions","node_version":"10.13.0"}
[debug] [2019-11-04T13:56:49.268Z] [runtime-status] Disabled runtime features: {"functions_config_helper":true,"network_filtering":true,"timeout":true,"memory_limiting":true,"admin_stubs":true} {}
[debug] [2019-11-04T13:56:49.271Z] [runtime-status] Resolved module firebase-admin {"declared":true,"installed":true,"version":"8.7.0","resolution":"C:\\xampp\\htdocs\\odisdkp\\functions\\node_modules\\firebase-admin\\lib\\index.js"}
[debug] [2019-11-04T13:56:49.273Z] [runtime-status] Resolved module firebase-functions {"declared":true,"installed":true,"version":"3.3.0","resolution":"C:\\xampp\\htdocs\\odisdkp\\functions\\node_modules\\firebase-functions\\lib\\index.js"}
[debug] [2019-11-04T13:56:49.274Z] [runtime-status] Resolved module firebase-functions {"declared":true,"installed":true,"version":"3.3.0","resolution":"C:\\xampp\\htdocs\\odisdkp\\functions\\node_modules\\firebase-functions\\lib\\index.js"}
[warn] !  TypeError: Cannot read property 'key' of undefined
    at Object.<anonymous> (C:\xampp\htdocs\odisdkp\functions\lib\index.js:8:53)
    at Module._compile (internal/modules/cjs/loader.js:688:30)
    at Object.Module._extensions..js (internal/modules/cjs/loader.js:699:10)
    at Module.load (internal/modules/cjs/loader.js:598:32)
    at tryModuleLoad (internal/modules/cjs/loader.js:537:12)
    at Function.Module._load (internal/modules/cjs/loader.js:529:3)
    at Module.require (internal/modules/cjs/loader.js:636:17)
    at require (internal/modules/cjs/helpers.js:20:18)
    at C:\Users\Hugo Barboza\AppData\Roaming\npm\node_modules\firebase-tools\lib\emulator\functionsEmulatorRuntime.js:709:33
    at Generator.next (<anonymous>)
[warn] !  We were unable to load your functions code. (see above)
   - It appears your code is written in Typescript, which must be compiled before emulation.
   - You may be able to run "npm run build" in your functions directory to resolve this.
[debug] [2019-11-04T13:56:49.377Z] [worker-~diagnostic~-9a7f76aa-d497-40a2-abcf-14262131c607]: exited
[debug] [2019-11-04T13:56:49.377Z] [worker-~diagnostic~-9a7f76aa-d497-40a2-abcf-14262131c607]: FINISHED
[debug] [2019-11-04T13:58:32.549Z] File C:\xampp\htdocs\odisdkp\functions\src\index.ts changed, reloading triggers
[debug] [2019-11-04T13:58:33.577Z] [worker-~diagnostic~-ea4bf9d9-54cc-4a27-9f1c-af57338359e7]: BUSY
[debug] [2019-11-04T13:58:34.230Z] [runtime-status] Functions runtime initialized. {"cwd":"C:\\xampp\\htdocs\\odisdkp\\functions","node_version":"10.13.0"}
[debug] [2019-11-04T13:58:34.232Z] [runtime-status] Disabled runtime features: {"functions_config_helper":true,"network_filtering":true,"timeout":true,"memory_limiting":true,"admin_stubs":true} {}
[debug] [2019-11-04T13:58:34.237Z] [runtime-status] Resolved module firebase-admin {"declared":true,"installed":true,"version":"8.7.0","resolution":"C:\\xampp\\htdocs\\odisdkp\\functions\\node_modules\\firebase-admin\\lib\\index.js"}
[debug] [2019-11-04T13:58:34.239Z] [runtime-status] Resolved module firebase-functions {"declared":true,"installed":true,"version":"3.3.0","resolution":"C:\\xampp\\htdocs\\odisdkp\\functions\\node_modules\\firebase-functions\\lib\\index.js"}
[debug] [2019-11-04T13:58:34.240Z] [runtime-status] Resolved module firebase-functions {"declared":true,"installed":true,"version":"3.3.0","resolution":"C:\\xampp\\htdocs\\odisdkp\\functions\\node_modules\\firebase-functions\\lib\\index.js"}
[warn] !  TypeError: Cannot read property 'key' of undefined
    at Object.<anonymous> (C:\xampp\htdocs\odisdkp\functions\lib\index.js:8:53)
    at Module._compile (internal/modules/cjs/loader.js:688:30)
    at Object.Module._extensions..js (internal/modules/cjs/loader.js:699:10)
    at Module.load (internal/modules/cjs/loader.js:598:32)
    at tryModuleLoad (internal/modules/cjs/loader.js:537:12)
    at Function.Module._load (internal/modules/cjs/loader.js:529:3)
    at Module.require (internal/modules/cjs/loader.js:636:17)
    at require (internal/modules/cjs/helpers.js:20:18)
    at C:\Users\Hugo Barboza\AppData\Roaming\npm\node_modules\firebase-tools\lib\emulator\functionsEmulatorRuntime.js:709:33
    at Generator.next (<anonymous>)
[warn] !  We were unable to load your functions code. (see above)
   - It appears your code is written in Typescript, which must be compiled before emulation.
   - You may be able to run "npm run build" in your functions directory to resolve this.
[debug] [2019-11-04T13:58:34.330Z] [worker-~diagnostic~-ea4bf9d9-54cc-4a27-9f1c-af57338359e7]: exited
[debug] [2019-11-04T13:58:34.330Z] [worker-~diagnostic~-ea4bf9d9-54cc-4a27-9f1c-af57338359e7]: FINISHED
[debug] [2019-11-04T13:59:12.793Z] File C:\xampp\htdocs\odisdkp\functions\src\index.ts changed, reloading triggers
[debug] [2019-11-04T13:59:13.844Z] [worker-~diagnostic~-c81744bb-3564-41b6-9d9a-4ead4132adb2]: BUSY
[debug] [2019-11-04T13:59:14.593Z] [runtime-status] Functions runtime initialized. {"cwd":"C:\\xampp\\htdocs\\odisdkp\\functions","node_version":"10.13.0"}
[debug] [2019-11-04T13:59:14.595Z] [runtime-status] Disabled runtime features: {"functions_config_helper":true,"network_filtering":true,"timeout":true,"memory_limiting":true,"admin_stubs":true} {}
[debug] [2019-11-04T13:59:14.598Z] [runtime-status] Resolved module firebase-admin {"declared":true,"installed":true,"version":"8.7.0","resolution":"C:\\xampp\\htdocs\\odisdkp\\functions\\node_modules\\firebase-admin\\lib\\index.js"}
[debug] [2019-11-04T13:59:14.601Z] [runtime-status] Resolved module firebase-functions {"declared":true,"installed":true,"version":"3.3.0","resolution":"C:\\xampp\\htdocs\\odisdkp\\functions\\node_modules\\firebase-functions\\lib\\index.js"}
[debug] [2019-11-04T13:59:14.602Z] [runtime-status] Resolved module firebase-functions {"declared":true,"installed":true,"version":"3.3.0","resolution":"C:\\xampp\\htdocs\\odisdkp\\functions\\node_modules\\firebase-functions\\lib\\index.js"}
[warn] !  TypeError: Cannot read property 'key' of undefined
    at Object.<anonymous> (C:\xampp\htdocs\odisdkp\functions\lib\index.js:8:53)
    at Module._compile (internal/modules/cjs/loader.js:688:30)
    at Object.Module._extensions..js (internal/modules/cjs/loader.js:699:10)
    at Module.load (internal/modules/cjs/loader.js:598:32)
    at tryModuleLoad (internal/modules/cjs/loader.js:537:12)
    at Function.Module._load (internal/modules/cjs/loader.js:529:3)
    at Module.require (internal/modules/cjs/loader.js:636:17)
    at require (internal/modules/cjs/helpers.js:20:18)
    at C:\Users\Hugo Barboza\AppData\Roaming\npm\node_modules\firebase-tools\lib\emulator\functionsEmulatorRuntime.js:709:33
    at Generator.next (<anonymous>)
[warn] !  We were unable to load your functions code. (see above)
   - It appears your code is written in Typescript, which must be compiled before emulation.
   - You may be able to run "npm run build" in your functions directory to resolve this.
[debug] [2019-11-04T13:59:14.711Z] [worker-~diagnostic~-c81744bb-3564-41b6-9d9a-4ead4132adb2]: exited
[debug] [2019-11-04T13:59:14.711Z] [worker-~diagnostic~-c81744bb-3564-41b6-9d9a-4ead4132adb2]: FINISHED
